<?xml version="1.0" encoding="UTF-8" ?>
<testsuite errors="0" failures="0" hostname="Guitarman" name="test.AllTests" skipped="0" tests="2" time="0.19" timestamp="2019-07-18T12:47:37">
  <properties>
[...]
</properties>
  <testcase classname="test.Task001Test" name="sumOfAllMultiplesOf3And5Under1000Test" time="0.002" />
  <testcase classname="test.Task002Test" name="sumOfAllEvenFibonacciTermsUnder4000000Test" time="0.001" />
  <system-out><![CDATA[]]></system-out>
  <system-err><![CDATA[]]></system-err>
</testsuite>
